#! /usr/local/iverilog/bin/vvp
:ivl_version "11.0 (devel)" "(s20150603-642-g3bdb50da)";
:ivl_delay_selection "TYPICAL";
:vpi_time_precision - 9;
:vpi_module "system";
:vpi_module "vhdl_sys";
:vpi_module "vhdl_textio";
:vpi_module "v2005_math";
:vpi_module "va_math";
S_00000000011963b0 .scope module, "mux41_tb" "mux41_tb" 2 2;
 .timescale -9 -9;
v0000000001162d70_0 .var "a", 3 0;
v0000000001162e10_0 .var "sel", 1 0;
v0000000001162eb0_0 .net "y", 0 0, v000000000114b900_0;  1 drivers
S_0000000001162be0 .scope module, "top" "mux41" 2 5, 3 1 0, S_00000000011963b0;
 .timescale 0 0;
    .port_info 0 /INPUT 4 "a";
    .port_info 1 /INPUT 2 "sel";
    .port_info 2 /OUTPUT 1 "y";
v0000000001196540_0 .net "a", 3 0, v0000000001162d70_0;  1 drivers
v00000000011965e0_0 .net "sel", 1 0, v0000000001162e10_0;  1 drivers
v000000000114b900_0 .var "y", 0 0;
E_0000000001198b10 .event edge, v00000000011965e0_0, v0000000001196540_0;
    .scope S_0000000001162be0;
T_0 ;
    %wait E_0000000001198b10;
    %load/vec4 v00000000011965e0_0;
    %dup/vec4;
    %pushi/vec4 0, 0, 2;
    %cmp/u;
    %jmp/1 T_0.0, 6;
    %dup/vec4;
    %pushi/vec4 1, 0, 2;
    %cmp/u;
    %jmp/1 T_0.1, 6;
    %dup/vec4;
    %pushi/vec4 2, 0, 2;
    %cmp/u;
    %jmp/1 T_0.2, 6;
    %dup/vec4;
    %pushi/vec4 3, 0, 2;
    %cmp/u;
    %jmp/1 T_0.3, 6;
    %pushi/vec4 1, 1, 1;
    %store/vec4 v000000000114b900_0, 0, 1;
    %jmp T_0.5;
T_0.0 ;
    %load/vec4 v0000000001196540_0;
    %parti/s 1, 0, 2;
    %store/vec4 v000000000114b900_0, 0, 1;
    %jmp T_0.5;
T_0.1 ;
    %load/vec4 v0000000001196540_0;
    %parti/s 1, 1, 2;
    %store/vec4 v000000000114b900_0, 0, 1;
    %jmp T_0.5;
T_0.2 ;
    %load/vec4 v0000000001196540_0;
    %parti/s 1, 2, 3;
    %store/vec4 v000000000114b900_0, 0, 1;
    %jmp T_0.5;
T_0.3 ;
    %load/vec4 v0000000001196540_0;
    %parti/s 1, 3, 3;
    %store/vec4 v000000000114b900_0, 0, 1;
    %jmp T_0.5;
T_0.5 ;
    %pop/vec4 1;
    %jmp T_0;
    .thread T_0, $push;
    .scope S_00000000011963b0;
T_1 ;
    %pushi/vec4 1, 0, 4;
    %store/vec4 v0000000001162d70_0, 0, 4;
    %delay 100, 0;
    %pushi/vec4 0, 0, 2;
    %store/vec4 v0000000001162e10_0, 0, 2;
    %delay 100, 0;
    %pushi/vec4 1, 0, 2;
    %store/vec4 v0000000001162e10_0, 0, 2;
    %delay 100, 0;
    %pushi/vec4 2, 0, 2;
    %store/vec4 v0000000001162e10_0, 0, 2;
    %delay 100, 0;
    %pushi/vec4 3, 0, 2;
    %store/vec4 v0000000001162e10_0, 0, 2;
    %delay 200, 0;
    %pushi/vec4 2, 0, 4;
    %store/vec4 v0000000001162d70_0, 0, 4;
    %delay 100, 0;
    %pushi/vec4 0, 0, 2;
    %store/vec4 v0000000001162e10_0, 0, 2;
    %delay 100, 0;
    %pushi/vec4 1, 0, 2;
    %store/vec4 v0000000001162e10_0, 0, 2;
    %delay 100, 0;
    %pushi/vec4 2, 0, 2;
    %store/vec4 v0000000001162e10_0, 0, 2;
    %delay 100, 0;
    %pushi/vec4 3, 0, 2;
    %store/vec4 v0000000001162e10_0, 0, 2;
    %delay 200, 0;
    %pushi/vec4 4, 0, 4;
    %store/vec4 v0000000001162d70_0, 0, 4;
    %delay 100, 0;
    %pushi/vec4 0, 0, 2;
    %store/vec4 v0000000001162e10_0, 0, 2;
    %delay 100, 0;
    %pushi/vec4 1, 0, 2;
    %store/vec4 v0000000001162e10_0, 0, 2;
    %delay 100, 0;
    %pushi/vec4 2, 0, 2;
    %store/vec4 v0000000001162e10_0, 0, 2;
    %delay 100, 0;
    %pushi/vec4 3, 0, 2;
    %store/vec4 v0000000001162e10_0, 0, 2;
    %delay 200, 0;
    %pushi/vec4 8, 0, 4;
    %store/vec4 v0000000001162d70_0, 0, 4;
    %delay 100, 0;
    %pushi/vec4 0, 0, 2;
    %store/vec4 v0000000001162e10_0, 0, 2;
    %delay 100, 0;
    %pushi/vec4 1, 0, 2;
    %store/vec4 v0000000001162e10_0, 0, 2;
    %delay 100, 0;
    %pushi/vec4 2, 0, 2;
    %store/vec4 v0000000001162e10_0, 0, 2;
    %delay 100, 0;
    %pushi/vec4 3, 0, 2;
    %store/vec4 v0000000001162e10_0, 0, 2;
    %delay 100, 0;
    %vpi_call 2 33 "$finish" {0 0 0};
    %end;
    .thread T_1;
    .scope S_00000000011963b0;
T_2 ;
    %vpi_call 2 37 "$dumpfile", "wave.vcd" {0 0 0};
    %vpi_call 2 38 "$dumpfile", "./simulation/wave.vcd" {0 0 0};
    %vpi_call 2 39 "$dumpvars", 32'sb00000000000000000000000000000000, S_00000000011963b0 {0 0 0};
    %delay 300, 0;
    %vpi_call 2 40 "$finish" {0 0 0};
    %end;
    .thread T_2;
# The file index is used to find the file name in the following table.
:file_names 4;
    "N/A";
    "<interactive>";
    "mux41_tb.v";
    "mux41_rtl.v";
